<?xml version="1.0" encoding="UTF-8"?>
<!-- Generated by org.testng.reporters.JUnitReportReporter -->
<testsuite skipped="0" hostname="DESKTOP-2544INI" name="org.day4.Task_01" tests="3" failures="0" timestamp="17 Nov 2020 15:48:57 GMT" time="8.605" errors="0">
  <testcase name="tc2" time="1.727" classname="org.day4.Task_01"/>
  <testcase name="tc1" time="4.982" classname="org.day4.Task_01"/>
  <testcase name="tc3" time="1.896" classname="org.day4.Task_01"/>
</testsuite> <!-- org.day4.Task_01 -->
