<?xml version="1.0" encoding="UTF-8"?>
<!-- Generated by org.testng.reporters.JUnitReportReporter -->
<testsuite skipped="0" hostname="DESKTOP-2544INI" name="org.day4.Asser0" tests="3" failures="0" timestamp="15 Nov 2020 10:24:04 GMT" time="0.047" errors="0">
  <testcase name="tc2" time="0.000" classname="org.day4.Asser0"/>
  <testcase name="tc2" time="0.016" classname="org.day4.Asser0"/>
  <testcase name="tc2" time="0.031" classname="org.day4.Asser0"/>
</testsuite> <!-- org.day4.Asser0 -->
