<?xml version="1.0" encoding="UTF-8"?>
<!-- Generated by org.testng.reporters.JUnitReportReporter -->
<testsuite skipped="1" hostname="DESKTOP-2544INI" name="org.day4.Sample" tests="3" failures="0" timestamp="13 Nov 2020 07:02:19 GMT" time="15.768" errors="0">
  <testcase name="tc3" time="8.075" classname="org.day4.Sample"/>
  <testcase name="tc1" time="7.693" classname="org.day4.Sample"/>
  <testcase name="tc2" classname="org.day4.Sample">
    <skipped/>
  </testcase> <!-- tc2 -->
</testsuite> <!-- org.day4.Sample -->
