<?xml version="1.0" encoding="UTF-8"?>
<!-- Generated by org.testng.reporters.JUnitReportReporter -->
<testsuite skipped="0" hostname="DESKTOP-2544INI" name="org.day4.Asser3" tests="4" failures="0" timestamp="15 Nov 2020 10:19:29 GMT" time="0.125" errors="0">
  <testcase name="tc623" time="0.015" classname="org.day4.Asser3"/>
  <testcase name="tc24" time="0.016" classname="org.day4.Asser3"/>
  <testcase name="tc21" time="0.094" classname="org.day4.Asser3"/>
  <testcase name="tc22" time="0.000" classname="org.day4.Asser3"/>
</testsuite> <!-- org.day4.Asser3 -->
