<?xml version="1.0" encoding="UTF-8"?>
<!-- Generated by org.testng.reporters.JUnitReportReporter -->
<testsuite skipped="0" hostname="DESKTOP-2544INI" name="org.day4.Asser4" tests="4" failures="0" timestamp="15 Nov 2020 10:19:29 GMT" time="0.126" errors="0">
  <testcase name="tc32" time="0.016" classname="org.day4.Asser4"/>
  <testcase name="tc31" time="0.094" classname="org.day4.Asser4"/>
  <testcase name="tc33" time="0.000" classname="org.day4.Asser4"/>
  <testcase name="tc34" time="0.016" classname="org.day4.Asser4"/>
</testsuite> <!-- org.day4.Asser4 -->
