<?xml version="1.0" encoding="UTF-8"?>
<!-- Generated by org.testng.reporters.JUnitReportReporter -->
<testsuite skipped="0" hostname="DESKTOP-2544INI" name="org.day4.Task_02" tests="4" failures="0" timestamp="15 Oct 2020 08:47:08 GMT" time="5.508" errors="0">
  <testcase name="tc4" time="0.356" classname="org.day4.Task_02"/>
  <testcase name="tc2" time="0.176" classname="org.day4.Task_02"/>
  <testcase name="tc3" time="3.399" classname="org.day4.Task_02"/>
  <testcase name="tc1" time="1.577" classname="org.day4.Task_02"/>
</testsuite> <!-- org.day4.Task_02 -->
